{"/Users/vladyslavdurmanov/Documents/DNU2/code/pharmacy-server/src/config/jwt.js": {"path":"/Users/vladyslavdurmanov/Documents/DNU2/code/pharmacy-server/src/config/jwt.js","statementMap":{"0":{"start":{"line":1,"column":0},"end":{"line":4,"column":2}}},"fnMap":{},"branchMap":{"0":{"loc":{"start":{"line":2,"column":14},"end":{"line":2,"column":82}},"type":"binary-expr","locations":[{"start":{"line":2,"column":14},"end":{"line":2,"column":36}},{"start":{"line":2,"column":40},"end":{"line":2,"column":82}}],"line":2},"1":{"loc":{"start":{"line":3,"column":18},"end":{"line":3,"column":52}},"type":"binary-expr","locations":[{"start":{"line":3,"column":18},"end":{"line":3,"column":44}},{"start":{"line":3,"column":48},"end":{"line":3,"column":52}}],"line":3}},"s":{"0":2},"f":{},"b":{"0":[2,2],"1":[2,2]},"_coverageSchema":"1a1c01bbd47fc00a2c39e90264f33305004495a9","hash":"83a39f5288e9070a1d3996385db4611016aba693"}
,"/Users/vladyslavdurmanov/Documents/DNU2/code/pharmacy-server/src/services/ProductService.js": {"path":"/Users/vladyslavdurmanov/Documents/DNU2/code/pharmacy-server/src/services/ProductService.js","statementMap":{"0":{"start":{"line":3,"column":4},"end":{"line":3,"column":29}},"1":{"start":{"line":4,"column":4},"end":{"line":4,"column":38}},"2":{"start":{"line":8,"column":4},"end":{"line":8,"column":39}},"3":{"start":{"line":12,"column":20},"end":{"line":12,"column":49}},"4":{"start":{"line":13,"column":4},"end":{"line":17,"column":5}},"5":{"start":{"line":14,"column":18},"end":{"line":14,"column":51}},"6":{"start":{"line":15,"column":6},"end":{"line":15,"column":27}},"7":{"start":{"line":16,"column":6},"end":{"line":16,"column":16}},"8":{"start":{"line":18,"column":4},"end":{"line":18,"column":19}},"9":{"start":{"line":22,"column":4},"end":{"line":22,"column":35}},"10":{"start":{"line":26,"column":4},"end":{"line":26,"column":27}},"11":{"start":{"line":27,"column":4},"end":{"line":27,"column":39}},"12":{"start":{"line":31,"column":4},"end":{"line":31,"column":27}},"13":{"start":{"line":32,"column":4},"end":{"line":32,"column":33}},"14":{"start":{"line":36,"column":21},"end":{"line":36,"column":65}},"15":{"start":{"line":37,"column":4},"end":{"line":40,"column":7}},"16":{"start":{"line":38,"column":6},"end":{"line":38,"column":78}},"17":{"start":{"line":38,"column":35},"end":{"line":38,"column":78}},"18":{"start":{"line":39,"column":6},"end":{"line":39,"column":61}},"19":{"start":{"line":44,"column":20},"end":{"line":44,"column":63}},"20":{"start":{"line":45,"column":20},"end":{"line":45,"column":22}},"21":{"start":{"line":46,"column":4},"end":{"line":57,"column":5}},"22":{"start":{"line":47,"column":18},"end":{"line":47,"column":34}},"23":{"start":{"line":48,"column":6},"end":{"line":48,"column":59}},"24":{"start":{"line":49,"column":6},"end":{"line":55,"column":7}},"25":{"start":{"line":50,"column":8},"end":{"line":54,"column":11}},"26":{"start":{"line":56,"column":6},"end":{"line":56,"column":79}},"27":{"start":{"line":58,"column":4},"end":{"line":58,"column":93}},"28":{"start":{"line":62,"column":20},"end":{"line":62,"column":22}},"29":{"start":{"line":63,"column":4},"end":{"line":72,"column":5}},"30":{"start":{"line":64,"column":22},"end":{"line":64,"column":51}},"31":{"start":{"line":65,"column":6},"end":{"line":65,"column":54}},"32":{"start":{"line":65,"column":45},"end":{"line":65,"column":54}},"33":{"start":{"line":66,"column":18},"end":{"line":66,"column":34}},"34":{"start":{"line":67,"column":6},"end":{"line":67,"column":51}},"35":{"start":{"line":68,"column":6},"end":{"line":70,"column":7}},"36":{"start":{"line":69,"column":8},"end":{"line":69,"column":82}},"37":{"start":{"line":71,"column":6},"end":{"line":71,"column":119}},"38":{"start":{"line":73,"column":4},"end":{"line":73,"column":93}},"39":{"start":{"line":77,"column":0},"end":{"line":77,"column":32}}},"fnMap":{"0":{"name":"(anonymous_0)","decl":{"start":{"line":2,"column":2},"end":{"line":2,"column":3}},"loc":{"start":{"line":2,"column":41},"end":{"line":5,"column":3}},"line":2},"1":{"name":"(anonymous_1)","decl":{"start":{"line":7,"column":2},"end":{"line":7,"column":3}},"loc":{"start":{"line":7,"column":29},"end":{"line":9,"column":3}},"line":7},"2":{"name":"(anonymous_2)","decl":{"start":{"line":11,"column":2},"end":{"line":11,"column":3}},"loc":{"start":{"line":11,"column":20},"end":{"line":19,"column":3}},"line":11},"3":{"name":"(anonymous_3)","decl":{"start":{"line":21,"column":2},"end":{"line":21,"column":3}},"loc":{"start":{"line":21,"column":21},"end":{"line":23,"column":3}},"line":21},"4":{"name":"(anonymous_4)","decl":{"start":{"line":25,"column":2},"end":{"line":25,"column":3}},"loc":{"start":{"line":25,"column":25},"end":{"line":28,"column":3}},"line":25},"5":{"name":"(anonymous_5)","decl":{"start":{"line":30,"column":2},"end":{"line":30,"column":3}},"loc":{"start":{"line":30,"column":19},"end":{"line":33,"column":3}},"line":30},"6":{"name":"(anonymous_6)","decl":{"start":{"line":35,"column":2},"end":{"line":35,"column":3}},"loc":{"start":{"line":35,"column":48},"end":{"line":41,"column":3}},"line":35},"7":{"name":"(anonymous_7)","decl":{"start":{"line":37,"column":25},"end":{"line":37,"column":26}},"loc":{"start":{"line":37,"column":35},"end":{"line":40,"column":5}},"line":37},"8":{"name":"(anonymous_8)","decl":{"start":{"line":43,"column":2},"end":{"line":43,"column":3}},"loc":{"start":{"line":43,"column":26},"end":{"line":59,"column":3}},"line":43},"9":{"name":"(anonymous_9)","decl":{"start":{"line":61,"column":2},"end":{"line":61,"column":3}},"loc":{"start":{"line":61,"column":53},"end":{"line":74,"column":3}},"line":61}},"branchMap":{"0":{"loc":{"start":{"line":7,"column":15},"end":{"line":7,"column":27}},"type":"default-arg","locations":[{"start":{"line":7,"column":25},"end":{"line":7,"column":27}}],"line":7},"1":{"loc":{"start":{"line":13,"column":4},"end":{"line":17,"column":5}},"type":"if","locations":[{"start":{"line":13,"column":4},"end":{"line":17,"column":5}},{"start":{},"end":{}}],"line":13},"2":{"loc":{"start":{"line":35,"column":28},"end":{"line":35,"column":46}},"type":"default-arg","locations":[{"start":{"line":35,"column":44},"end":{"line":35,"column":46}}],"line":35},"3":{"loc":{"start":{"line":38,"column":6},"end":{"line":38,"column":78}},"type":"if","locations":[{"start":{"line":38,"column":6},"end":{"line":38,"column":78}},{"start":{},"end":{}}],"line":38},"4":{"loc":{"start":{"line":38,"column":43},"end":{"line":38,"column":57}},"type":"binary-expr","locations":[{"start":{"line":38,"column":43},"end":{"line":38,"column":52}},{"start":{"line":38,"column":56},"end":{"line":38,"column":57}}],"line":38},"5":{"loc":{"start":{"line":38,"column":62},"end":{"line":38,"column":76}},"type":"binary-expr","locations":[{"start":{"line":38,"column":62},"end":{"line":38,"column":71}},{"start":{"line":38,"column":75},"end":{"line":38,"column":76}}],"line":38},"6":{"loc":{"start":{"line":49,"column":6},"end":{"line":55,"column":7}},"type":"if","locations":[{"start":{"line":49,"column":6},"end":{"line":55,"column":7}},{"start":{},"end":{}}],"line":49},"7":{"loc":{"start":{"line":61,"column":34},"end":{"line":61,"column":51}},"type":"default-arg","locations":[{"start":{"line":61,"column":43},"end":{"line":61,"column":51}}],"line":61},"8":{"loc":{"start":{"line":65,"column":6},"end":{"line":65,"column":54}},"type":"if","locations":[{"start":{"line":65,"column":6},"end":{"line":65,"column":54}},{"start":{},"end":{}}],"line":65},"9":{"loc":{"start":{"line":65,"column":10},"end":{"line":65,"column":43}},"type":"binary-expr","locations":[{"start":{"line":65,"column":10},"end":{"line":65,"column":18}},{"start":{"line":65,"column":22},"end":{"line":65,"column":43}}],"line":65},"10":{"loc":{"start":{"line":68,"column":6},"end":{"line":70,"column":7}},"type":"if","locations":[{"start":{"line":68,"column":6},"end":{"line":70,"column":7}},{"start":{},"end":{}}],"line":68}},"s":{"0":19,"1":19,"2":2,"3":4,"4":4,"5":1,"6":1,"7":1,"8":3,"9":1,"10":1,"11":1,"12":1,"13":1,"14":4,"15":4,"16":5,"17":3,"18":2,"19":3,"20":3,"21":3,"22":3,"23":3,"24":3,"25":2,"26":3,"27":3,"28":3,"29":3,"30":5,"31":5,"32":2,"33":3,"34":3,"35":3,"36":2,"37":3,"38":3,"39":1},"f":{"0":19,"1":2,"2":4,"3":1,"4":1,"5":1,"6":4,"7":5,"8":3,"9":3},"b":{"0":[1],"1":[1,3],"2":[3],"3":[3,2],"4":[3,0],"5":[3,2],"6":[2,1],"7":[2],"8":[2,3],"9":[5,4],"10":[2,1]},"_coverageSchema":"1a1c01bbd47fc00a2c39e90264f33305004495a9","hash":"c6189ae51490aa6dfc6583f84279e4b1cc0fb519"}
,"/Users/vladyslavdurmanov/Documents/DNU2/code/pharmacy-server/src/services/SaleService.js": {"path":"/Users/vladyslavdurmanov/Documents/DNU2/code/pharmacy-server/src/services/SaleService.js","statementMap":{"0":{"start":{"line":3,"column":4},"end":{"line":3,"column":33}},"1":{"start":{"line":4,"column":4},"end":{"line":4,"column":36}},"2":{"start":{"line":9,"column":4},"end":{"line":26,"column":5}},"3":{"start":{"line":10,"column":22},"end":{"line":10,"column":70}},"4":{"start":{"line":11,"column":6},"end":{"line":15,"column":7}},"5":{"start":{"line":12,"column":20},"end":{"line":12,"column":68}},"6":{"start":{"line":13,"column":8},"end":{"line":13,"column":29}},"7":{"start":{"line":14,"column":8},"end":{"line":14,"column":18}},"8":{"start":{"line":16,"column":6},"end":{"line":20,"column":7}},"9":{"start":{"line":17,"column":20},"end":{"line":17,"column":128}},"10":{"start":{"line":18,"column":8},"end":{"line":18,"column":29}},"11":{"start":{"line":19,"column":8},"end":{"line":19,"column":18}},"12":{"start":{"line":21,"column":6},"end":{"line":25,"column":7}},"13":{"start":{"line":22,"column":20},"end":{"line":22,"column":69}},"14":{"start":{"line":23,"column":8},"end":{"line":23,"column":29}},"15":{"start":{"line":24,"column":8},"end":{"line":24,"column":18}},"16":{"start":{"line":29,"column":22},"end":{"line":29,"column":23}},"17":{"start":{"line":30,"column":26},"end":{"line":30,"column":28}},"18":{"start":{"line":31,"column":4},"end":{"line":36,"column":5}},"19":{"start":{"line":32,"column":22},"end":{"line":32,"column":70}},"20":{"start":{"line":33,"column":24},"end":{"line":33,"column":57}},"21":{"start":{"line":34,"column":6},"end":{"line":34,"column":31}},"22":{"start":{"line":35,"column":6},"end":{"line":35,"column":68}},"23":{"start":{"line":39,"column":17},"end":{"line":39,"column":93}},"24":{"start":{"line":42,"column":4},"end":{"line":44,"column":5}},"25":{"start":{"line":43,"column":6},"end":{"line":43,"column":73}},"26":{"start":{"line":46,"column":4},"end":{"line":46,"column":16}},"27":{"start":{"line":50,"column":4},"end":{"line":50,"column":43}},"28":{"start":{"line":54,"column":17},"end":{"line":54,"column":50}},"29":{"start":{"line":55,"column":4},"end":{"line":59,"column":5}},"30":{"start":{"line":56,"column":18},"end":{"line":56,"column":49}},"31":{"start":{"line":57,"column":6},"end":{"line":57,"column":27}},"32":{"start":{"line":58,"column":6},"end":{"line":58,"column":16}},"33":{"start":{"line":60,"column":4},"end":{"line":60,"column":16}},"34":{"start":{"line":64,"column":0},"end":{"line":64,"column":29}}},"fnMap":{"0":{"name":"(anonymous_0)","decl":{"start":{"line":2,"column":2},"end":{"line":2,"column":3}},"loc":{"start":{"line":2,"column":37},"end":{"line":5,"column":3}},"line":2},"1":{"name":"(anonymous_1)","decl":{"start":{"line":7,"column":2},"end":{"line":7,"column":3}},"loc":{"start":{"line":7,"column":38},"end":{"line":47,"column":3}},"line":7},"2":{"name":"(anonymous_2)","decl":{"start":{"line":49,"column":2},"end":{"line":49,"column":3}},"loc":{"start":{"line":49,"column":29},"end":{"line":51,"column":3}},"line":49},"3":{"name":"(anonymous_3)","decl":{"start":{"line":53,"column":2},"end":{"line":53,"column":3}},"loc":{"start":{"line":53,"column":20},"end":{"line":61,"column":3}},"line":53}},"branchMap":{"0":{"loc":{"start":{"line":11,"column":6},"end":{"line":15,"column":7}},"type":"if","locations":[{"start":{"line":11,"column":6},"end":{"line":15,"column":7}},{"start":{},"end":{}}],"line":11},"1":{"loc":{"start":{"line":16,"column":6},"end":{"line":20,"column":7}},"type":"if","locations":[{"start":{"line":16,"column":6},"end":{"line":20,"column":7}},{"start":{},"end":{}}],"line":16},"2":{"loc":{"start":{"line":21,"column":6},"end":{"line":25,"column":7}},"type":"if","locations":[{"start":{"line":21,"column":6},"end":{"line":25,"column":7}},{"start":{},"end":{}}],"line":21},"3":{"loc":{"start":{"line":49,"column":15},"end":{"line":49,"column":27}},"type":"default-arg","locations":[{"start":{"line":49,"column":25},"end":{"line":49,"column":27}}],"line":49},"4":{"loc":{"start":{"line":55,"column":4},"end":{"line":59,"column":5}},"type":"if","locations":[{"start":{"line":55,"column":4},"end":{"line":59,"column":5}},{"start":{},"end":{}}],"line":55}},"s":{"0":9,"1":9,"2":5,"3":6,"4":6,"5":1,"6":1,"7":1,"8":5,"9":1,"10":1,"11":1,"12":4,"13":1,"14":1,"15":1,"16":2,"17":2,"18":2,"19":3,"20":3,"21":3,"22":3,"23":2,"24":2,"25":3,"26":2,"27":2,"28":2,"29":2,"30":1,"31":1,"32":1,"33":1,"34":1},"f":{"0":9,"1":5,"2":2,"3":2},"b":{"0":[1,5],"1":[1,4],"2":[1,3],"3":[1],"4":[1,1]},"_coverageSchema":"1a1c01bbd47fc00a2c39e90264f33305004495a9","hash":"2309c21fd50643975d905f3f023e3972b79ea219"}
,"/Users/vladyslavdurmanov/Documents/DNU2/code/pharmacy-server/src/services/Services.js": {"path":"/Users/vladyslavdurmanov/Documents/DNU2/code/pharmacy-server/src/services/Services.js","statementMap":{"0":{"start":{"line":4,"column":4},"end":{"line":4,"column":35}},"1":{"start":{"line":5,"column":4},"end":{"line":5,"column":36}},"2":{"start":{"line":6,"column":4},"end":{"line":6,"column":35}},"3":{"start":{"line":10,"column":24},"end":{"line":10,"column":25}},"4":{"start":{"line":11,"column":24},"end":{"line":11,"column":25}},"5":{"start":{"line":12,"column":4},"end":{"line":15,"column":5}},"6":{"start":{"line":13,"column":6},"end":{"line":13,"column":65}},"7":{"start":{"line":14,"column":6},"end":{"line":14,"column":61}},"8":{"start":{"line":16,"column":19},"end":{"line":18,"column":6}},"9":{"start":{"line":20,"column":4},"end":{"line":26,"column":5}},"10":{"start":{"line":21,"column":6},"end":{"line":25,"column":7}},"11":{"start":{"line":22,"column":8},"end":{"line":22,"column":75}},"12":{"start":{"line":24,"column":8},"end":{"line":24,"column":88}},"13":{"start":{"line":27,"column":4},"end":{"line":27,"column":18}},"14":{"start":{"line":31,"column":4},"end":{"line":31,"column":38}},"15":{"start":{"line":35,"column":19},"end":{"line":35,"column":54}},"16":{"start":{"line":36,"column":4},"end":{"line":40,"column":5}},"17":{"start":{"line":37,"column":18},"end":{"line":37,"column":51}},"18":{"start":{"line":38,"column":6},"end":{"line":38,"column":27}},"19":{"start":{"line":39,"column":6},"end":{"line":39,"column":16}},"20":{"start":{"line":41,"column":4},"end":{"line":41,"column":18}},"21":{"start":{"line":45,"column":4},"end":{"line":49,"column":5}},"22":{"start":{"line":46,"column":18},"end":{"line":46,"column":68}},"23":{"start":{"line":47,"column":6},"end":{"line":47,"column":27}},"24":{"start":{"line":48,"column":6},"end":{"line":48,"column":16}},"25":{"start":{"line":50,"column":16},"end":{"line":50,"column":81}},"26":{"start":{"line":51,"column":4},"end":{"line":51,"column":15}},"27":{"start":{"line":58,"column":4},"end":{"line":58,"column":34}},"28":{"start":{"line":59,"column":4},"end":{"line":59,"column":32}},"29":{"start":{"line":60,"column":4},"end":{"line":60,"column":34}},"30":{"start":{"line":61,"column":4},"end":{"line":61,"column":33}},"31":{"start":{"line":65,"column":65},"end":{"line":78,"column":6}},"32":{"start":{"line":80,"column":16},"end":{"line":80,"column":18}},"33":{"start":{"line":82,"column":19},"end":{"line":92,"column":5}},"34":{"start":{"line":83,"column":6},"end":{"line":90,"column":7}},"35":{"start":{"line":84,"column":8},"end":{"line":89,"column":10}},"36":{"start":{"line":91,"column":6},"end":{"line":91,"column":30}},"37":{"start":{"line":94,"column":4},"end":{"line":96,"column":5}},"38":{"start":{"line":95,"column":6},"end":{"line":95,"column":56}},"39":{"start":{"line":97,"column":4},"end":{"line":99,"column":5}},"40":{"start":{"line":98,"column":6},"end":{"line":98,"column":56}},"41":{"start":{"line":100,"column":4},"end":{"line":102,"column":5}},"42":{"start":{"line":101,"column":6},"end":{"line":101,"column":53}},"43":{"start":{"line":103,"column":4},"end":{"line":105,"column":5}},"44":{"start":{"line":104,"column":6},"end":{"line":104,"column":53}},"45":{"start":{"line":107,"column":17},"end":{"line":107,"column":35}},"46":{"start":{"line":108,"column":24},"end":{"line":108,"column":78}},"47":{"start":{"line":108,"column":48},"end":{"line":108,"column":74}},"48":{"start":{"line":110,"column":4},"end":{"line":121,"column":69}},"49":{"start":{"line":111,"column":21},"end":{"line":111,"column":39}},"50":{"start":{"line":112,"column":6},"end":{"line":121,"column":5}},"51":{"start":{"line":121,"column":23},"end":{"line":121,"column":67}},"52":{"start":{"line":126,"column":15},"end":{"line":126,"column":34}},"53":{"start":{"line":127,"column":12},"end":{"line":127,"column":35}},"54":{"start":{"line":128,"column":39},"end":{"line":128,"column":63}},"55":{"start":{"line":132,"column":4},"end":{"line":132,"column":30}},"56":{"start":{"line":136,"column":17},"end":{"line":136,"column":56}},"57":{"start":{"line":137,"column":4},"end":{"line":141,"column":5}},"58":{"start":{"line":138,"column":18},"end":{"line":138,"column":52}},"59":{"start":{"line":139,"column":6},"end":{"line":139,"column":27}},"60":{"start":{"line":140,"column":6},"end":{"line":140,"column":16}},"61":{"start":{"line":142,"column":18},"end":{"line":142,"column":68}},"62":{"start":{"line":143,"column":4},"end":{"line":147,"column":5}},"63":{"start":{"line":144,"column":18},"end":{"line":144,"column":52}},"64":{"start":{"line":145,"column":6},"end":{"line":145,"column":27}},"65":{"start":{"line":146,"column":6},"end":{"line":146,"column":16}},"66":{"start":{"line":148,"column":18},"end":{"line":152,"column":5}},"67":{"start":{"line":153,"column":4},"end":{"line":153,"column":80}},"68":{"start":{"line":157,"column":21},"end":{"line":157,"column":60}},"69":{"start":{"line":158,"column":4},"end":{"line":162,"column":5}},"70":{"start":{"line":159,"column":18},"end":{"line":159,"column":51}},"71":{"start":{"line":160,"column":6},"end":{"line":160,"column":27}},"72":{"start":{"line":161,"column":6},"end":{"line":161,"column":16}},"73":{"start":{"line":163,"column":25},"end":{"line":163,"column":56}},"74":{"start":{"line":164,"column":4},"end":{"line":164,"column":64}},"75":{"start":{"line":168,"column":0},"end":{"line":168,"column":63}}},"fnMap":{"0":{"name":"(anonymous_0)","decl":{"start":{"line":3,"column":2},"end":{"line":3,"column":3}},"loc":{"start":{"line":3,"column":51},"end":{"line":7,"column":3}},"line":3},"1":{"name":"(anonymous_1)","decl":{"start":{"line":9,"column":2},"end":{"line":9,"column":3}},"loc":{"start":{"line":9,"column":51},"end":{"line":28,"column":3}},"line":9},"2":{"name":"(anonymous_2)","decl":{"start":{"line":30,"column":2},"end":{"line":30,"column":3}},"loc":{"start":{"line":30,"column":17},"end":{"line":32,"column":3}},"line":30},"3":{"name":"(anonymous_3)","decl":{"start":{"line":34,"column":2},"end":{"line":34,"column":3}},"loc":{"start":{"line":34,"column":20},"end":{"line":42,"column":3}},"line":34},"4":{"name":"(anonymous_4)","decl":{"start":{"line":44,"column":2},"end":{"line":44,"column":3}},"loc":{"start":{"line":44,"column":54},"end":{"line":52,"column":3}},"line":44},"5":{"name":"(anonymous_5)","decl":{"start":{"line":57,"column":2},"end":{"line":57,"column":3}},"loc":{"start":{"line":57,"column":59},"end":{"line":62,"column":3}},"line":57},"6":{"name":"(anonymous_6)","decl":{"start":{"line":64,"column":2},"end":{"line":64,"column":3}},"loc":{"start":{"line":64,"column":43},"end":{"line":122,"column":3}},"line":64},"7":{"name":"(anonymous_7)","decl":{"start":{"line":82,"column":19},"end":{"line":82,"column":20}},"loc":{"start":{"line":82,"column":28},"end":{"line":92,"column":5}},"line":82},"8":{"name":"(anonymous_8)","decl":{"start":{"line":108,"column":36},"end":{"line":108,"column":37}},"loc":{"start":{"line":108,"column":48},"end":{"line":108,"column":74}},"line":108},"9":{"name":"(anonymous_9)","decl":{"start":{"line":110,"column":20},"end":{"line":110,"column":21}},"loc":{"start":{"line":110,"column":25},"end":{"line":121,"column":6}},"line":110},"10":{"name":"(anonymous_10)","decl":{"start":{"line":121,"column":13},"end":{"line":121,"column":14}},"loc":{"start":{"line":121,"column":23},"end":{"line":121,"column":67}},"line":121},"11":{"name":"(anonymous_11)","decl":{"start":{"line":131,"column":2},"end":{"line":131,"column":3}},"loc":{"start":{"line":131,"column":24},"end":{"line":133,"column":3}},"line":131},"12":{"name":"(anonymous_12)","decl":{"start":{"line":135,"column":2},"end":{"line":135,"column":3}},"loc":{"start":{"line":135,"column":31},"end":{"line":154,"column":3}},"line":135},"13":{"name":"(anonymous_13)","decl":{"start":{"line":156,"column":2},"end":{"line":156,"column":3}},"loc":{"start":{"line":156,"column":40},"end":{"line":165,"column":3}},"line":156}},"branchMap":{"0":{"loc":{"start":{"line":13,"column":24},"end":{"line":13,"column":47}},"type":"binary-expr","locations":[{"start":{"line":13,"column":24},"end":{"line":13,"column":42}},{"start":{"line":13,"column":46},"end":{"line":13,"column":47}}],"line":13},"1":{"loc":{"start":{"line":14,"column":24},"end":{"line":14,"column":43}},"type":"binary-expr","locations":[{"start":{"line":14,"column":24},"end":{"line":14,"column":38}},{"start":{"line":14,"column":42},"end":{"line":14,"column":43}}],"line":14},"2":{"loc":{"start":{"line":21,"column":6},"end":{"line":25,"column":7}},"type":"if","locations":[{"start":{"line":21,"column":6},"end":{"line":25,"column":7}},{"start":{},"end":{}}],"line":21},"3":{"loc":{"start":{"line":36,"column":4},"end":{"line":40,"column":5}},"type":"if","locations":[{"start":{"line":36,"column":4},"end":{"line":40,"column":5}},{"start":{},"end":{}}],"line":36},"4":{"loc":{"start":{"line":45,"column":4},"end":{"line":49,"column":5}},"type":"if","locations":[{"start":{"line":45,"column":4},"end":{"line":49,"column":5}},{"start":{},"end":{}}],"line":45},"5":{"loc":{"start":{"line":66,"column":6},"end":{"line":68,"column":89}},"type":"cond-expr","locations":[{"start":{"line":67,"column":10},"end":{"line":67,"column":60}},{"start":{"line":68,"column":11},"end":{"line":68,"column":88}}],"line":66},"6":{"loc":{"start":{"line":68,"column":11},"end":{"line":68,"column":88}},"type":"cond-expr","locations":[{"start":{"line":68,"column":40},"end":{"line":68,"column":83}},{"start":{"line":68,"column":86},"end":{"line":68,"column":88}}],"line":68},"7":{"loc":{"start":{"line":69,"column":6},"end":{"line":71,"column":12}},"type":"cond-expr","locations":[{"start":{"line":70,"column":10},"end":{"line":70,"column":57}},{"start":{"line":71,"column":10},"end":{"line":71,"column":12}}],"line":69},"8":{"loc":{"start":{"line":72,"column":6},"end":{"line":74,"column":12}},"type":"cond-expr","locations":[{"start":{"line":73,"column":10},"end":{"line":73,"column":61}},{"start":{"line":74,"column":10},"end":{"line":74,"column":12}}],"line":72},"9":{"loc":{"start":{"line":75,"column":6},"end":{"line":77,"column":12}},"type":"cond-expr","locations":[{"start":{"line":76,"column":10},"end":{"line":76,"column":58}},{"start":{"line":77,"column":10},"end":{"line":77,"column":12}}],"line":75},"10":{"loc":{"start":{"line":83,"column":6},"end":{"line":90,"column":7}},"type":"if","locations":[{"start":{"line":83,"column":6},"end":{"line":90,"column":7}},{"start":{},"end":{}}],"line":83},"11":{"loc":{"start":{"line":95,"column":29},"end":{"line":95,"column":55}},"type":"binary-expr","locations":[{"start":{"line":95,"column":29},"end":{"line":95,"column":50}},{"start":{"line":95,"column":54},"end":{"line":95,"column":55}}],"line":95},"12":{"loc":{"start":{"line":98,"column":29},"end":{"line":98,"column":55}},"type":"binary-expr","locations":[{"start":{"line":98,"column":29},"end":{"line":98,"column":50}},{"start":{"line":98,"column":54},"end":{"line":98,"column":55}}],"line":98},"13":{"loc":{"start":{"line":101,"column":26},"end":{"line":101,"column":52}},"type":"binary-expr","locations":[{"start":{"line":101,"column":26},"end":{"line":101,"column":47}},{"start":{"line":101,"column":51},"end":{"line":101,"column":52}}],"line":101},"14":{"loc":{"start":{"line":104,"column":26},"end":{"line":104,"column":52}},"type":"binary-expr","locations":[{"start":{"line":104,"column":26},"end":{"line":104,"column":47}},{"start":{"line":104,"column":51},"end":{"line":104,"column":52}}],"line":104},"15":{"loc":{"start":{"line":118,"column":21},"end":{"line":120,"column":16}},"type":"cond-expr","locations":[{"start":{"line":119,"column":10},"end":{"line":119,"column":49}},{"start":{"line":120,"column":10},"end":{"line":120,"column":16}}],"line":118},"16":{"loc":{"start":{"line":137,"column":4},"end":{"line":141,"column":5}},"type":"if","locations":[{"start":{"line":137,"column":4},"end":{"line":141,"column":5}},{"start":{},"end":{}}],"line":137},"17":{"loc":{"start":{"line":143,"column":4},"end":{"line":147,"column":5}},"type":"if","locations":[{"start":{"line":143,"column":4},"end":{"line":147,"column":5}},{"start":{},"end":{}}],"line":143},"18":{"loc":{"start":{"line":158,"column":4},"end":{"line":162,"column":5}},"type":"if","locations":[{"start":{"line":158,"column":4},"end":{"line":162,"column":5}},{"start":{},"end":{}}],"line":158}},"s":{"0":6,"1":6,"2":6,"3":1,"4":1,"5":1,"6":3,"7":3,"8":1,"9":1,"10":3,"11":2,"12":2,"13":1,"14":1,"15":2,"16":2,"17":1,"18":1,"19":1,"20":1,"21":2,"22":1,"23":1,"24":1,"25":1,"26":1,"27":7,"28":7,"29":7,"30":7,"31":7,"32":7,"33":7,"34":17,"35":8,"36":17,"37":7,"38":8,"39":7,"40":1,"41":7,"42":7,"43":7,"44":1,"45":7,"46":7,"47":8,"48":7,"49":8,"50":8,"51":2,"52":2,"53":2,"54":2,"55":5,"56":3,"57":3,"58":1,"59":1,"60":1,"61":2,"62":2,"63":1,"64":1,"65":1,"66":1,"67":1,"68":2,"69":2,"70":1,"71":1,"72":1,"73":1,"74":1,"75":2},"f":{"0":6,"1":1,"2":1,"3":2,"4":2,"5":7,"6":7,"7":17,"8":8,"9":8,"10":2,"11":5,"12":3,"13":2},"b":{"0":[3,1],"1":[3,1],"2":[2,1],"3":[1,1],"4":[1,1],"5":[7,0],"6":[0,0],"7":[7,0],"8":[7,0],"9":[7,0],"10":[8,9],"11":[8,2],"12":[1,0],"13":[7,1],"14":[1,0],"15":[5,3],"16":[1,2],"17":[1,1],"18":[1,1]},"_coverageSchema":"1a1c01bbd47fc00a2c39e90264f33305004495a9","hash":"45ad06353076261013e622a8352f6e43a049e8ac"}
}
