TN:
SF:src/config/jwt.js
FNF:0
FNH:0
DA:1,2
LF:1
LH:1
BRDA:2,0,0,2
BRDA:2,0,1,2
BRDA:3,1,0,2
BRDA:3,1,1,2
BRF:4
BRH:4
end_of_record
TN:
SF:src/services/ProductService.js
FN:2,(anonymous_0)
FN:7,(anonymous_1)
FN:11,(anonymous_2)
FN:21,(anonymous_3)
FN:25,(anonymous_4)
FN:30,(anonymous_5)
FN:35,(anonymous_6)
FN:37,(anonymous_7)
FN:43,(anonymous_8)
FN:61,(anonymous_9)
FNF:10
FNH:10
FNDA:19,(anonymous_0)
FNDA:2,(anonymous_1)
FNDA:4,(anonymous_2)
FNDA:1,(anonymous_3)
FNDA:1,(anonymous_4)
FNDA:1,(anonymous_5)
FNDA:4,(anonymous_6)
FNDA:5,(anonymous_7)
FNDA:3,(anonymous_8)
FNDA:3,(anonymous_9)
DA:3,19
DA:4,19
DA:8,2
DA:12,4
DA:13,4
DA:14,1
DA:15,1
DA:16,1
DA:18,3
DA:22,1
DA:26,1
DA:27,1
DA:31,1
DA:32,1
DA:36,4
DA:37,4
DA:38,5
DA:39,2
DA:44,3
DA:45,3
DA:46,3
DA:47,3
DA:48,3
DA:49,3
DA:50,2
DA:56,3
DA:58,3
DA:62,3
DA:63,3
DA:64,5
DA:65,5
DA:66,3
DA:67,3
DA:68,3
DA:69,2
DA:71,3
DA:73,3
DA:77,1
LF:38
LH:38
BRDA:7,0,0,1
BRDA:13,1,0,1
BRDA:13,1,1,3
BRDA:35,2,0,3
BRDA:38,3,0,3
BRDA:38,3,1,2
BRDA:38,4,0,3
BRDA:38,4,1,0
BRDA:38,5,0,3
BRDA:38,5,1,2
BRDA:49,6,0,2
BRDA:49,6,1,1
BRDA:61,7,0,2
BRDA:65,8,0,2
BRDA:65,8,1,3
BRDA:65,9,0,5
BRDA:65,9,1,4
BRDA:68,10,0,2
BRDA:68,10,1,1
BRF:19
BRH:18
end_of_record
TN:
SF:src/services/SaleService.js
FN:2,(anonymous_0)
FN:7,(anonymous_1)
FN:49,(anonymous_2)
FN:53,(anonymous_3)
FNF:4
FNH:4
FNDA:9,(anonymous_0)
FNDA:5,(anonymous_1)
FNDA:2,(anonymous_2)
FNDA:2,(anonymous_3)
DA:3,9
DA:4,9
DA:9,5
DA:10,6
DA:11,6
DA:12,1
DA:13,1
DA:14,1
DA:16,5
DA:17,1
DA:18,1
DA:19,1
DA:21,4
DA:22,1
DA:23,1
DA:24,1
DA:29,2
DA:30,2
DA:31,2
DA:32,3
DA:33,3
DA:34,3
DA:35,3
DA:39,2
DA:42,2
DA:43,3
DA:46,2
DA:50,2
DA:54,2
DA:55,2
DA:56,1
DA:57,1
DA:58,1
DA:60,1
DA:64,1
LF:35
LH:35
BRDA:11,0,0,1
BRDA:11,0,1,5
BRDA:16,1,0,1
BRDA:16,1,1,4
BRDA:21,2,0,1
BRDA:21,2,1,3
BRDA:49,3,0,1
BRDA:55,4,0,1
BRDA:55,4,1,1
BRF:9
BRH:9
end_of_record
TN:
SF:src/services/Services.js
FN:3,(anonymous_0)
FN:9,(anonymous_1)
FN:30,(anonymous_2)
FN:34,(anonymous_3)
FN:44,(anonymous_4)
FN:57,(anonymous_5)
FN:64,(anonymous_6)
FN:82,(anonymous_7)
FN:108,(anonymous_8)
FN:110,(anonymous_9)
FN:121,(anonymous_10)
FN:131,(anonymous_11)
FN:135,(anonymous_12)
FN:156,(anonymous_13)
FNF:14
FNH:14
FNDA:6,(anonymous_0)
FNDA:1,(anonymous_1)
FNDA:1,(anonymous_2)
FNDA:2,(anonymous_3)
FNDA:2,(anonymous_4)
FNDA:7,(anonymous_5)
FNDA:7,(anonymous_6)
FNDA:17,(anonymous_7)
FNDA:8,(anonymous_8)
FNDA:8,(anonymous_9)
FNDA:2,(anonymous_10)
FNDA:5,(anonymous_11)
FNDA:3,(anonymous_12)
FNDA:2,(anonymous_13)
DA:4,6
DA:5,6
DA:6,6
DA:10,1
DA:11,1
DA:12,1
DA:13,3
DA:14,3
DA:16,1
DA:20,1
DA:21,3
DA:22,2
DA:24,2
DA:27,1
DA:31,1
DA:35,2
DA:36,2
DA:37,1
DA:38,1
DA:39,1
DA:41,1
DA:45,2
DA:46,1
DA:47,1
DA:48,1
DA:50,1
DA:51,1
DA:58,7
DA:59,7
DA:60,7
DA:61,7
DA:65,7
DA:80,7
DA:82,7
DA:83,17
DA:84,8
DA:91,17
DA:94,7
DA:95,8
DA:97,7
DA:98,1
DA:100,7
DA:101,7
DA:103,7
DA:104,1
DA:107,7
DA:108,8
DA:110,7
DA:111,8
DA:112,8
DA:121,2
DA:126,2
DA:127,2
DA:128,2
DA:132,5
DA:136,3
DA:137,3
DA:138,1
DA:139,1
DA:140,1
DA:142,2
DA:143,2
DA:144,1
DA:145,1
DA:146,1
DA:148,1
DA:153,1
DA:157,2
DA:158,2
DA:159,1
DA:160,1
DA:161,1
DA:163,1
DA:164,1
DA:168,2
LF:75
LH:75
BRDA:13,0,0,3
BRDA:13,0,1,1
BRDA:14,1,0,3
BRDA:14,1,1,1
BRDA:21,2,0,2
BRDA:21,2,1,1
BRDA:36,3,0,1
BRDA:36,3,1,1
BRDA:45,4,0,1
BRDA:45,4,1,1
BRDA:66,5,0,7
BRDA:66,5,1,0
BRDA:68,6,0,0
BRDA:68,6,1,0
BRDA:69,7,0,7
BRDA:69,7,1,0
BRDA:72,8,0,7
BRDA:72,8,1,0
BRDA:75,9,0,7
BRDA:75,9,1,0
BRDA:83,10,0,8
BRDA:83,10,1,9
BRDA:95,11,0,8
BRDA:95,11,1,2
BRDA:98,12,0,1
BRDA:98,12,1,0
BRDA:101,13,0,7
BRDA:101,13,1,1
BRDA:104,14,0,1
BRDA:104,14,1,0
BRDA:118,15,0,5
BRDA:118,15,1,3
BRDA:137,16,0,1
BRDA:137,16,1,2
BRDA:143,17,0,1
BRDA:143,17,1,1
BRDA:158,18,0,1
BRDA:158,18,1,1
BRF:38
BRH:30
end_of_record
